<?xml version="1.0" encoding="UTF-8"?>
<!-- Generated by org.testng.reporters.JUnitReportReporter -->
<testsuite hostname="karthic" failures="0" tests="1" name="Flipkart.Sample" time="5.108" errors="0" timestamp="2024-06-07T02:18:50 IST" skipped="0">
  <testcase classname="Flipkart.Sample" name="hh" time="5.108"/>
  <system-out/>
</testsuite> <!-- Flipkart.Sample -->
