<?xml version="1.0" encoding="UTF-8"?>
<!-- Generated by org.testng.reporters.JUnitReportReporter -->
<testsuite hostname="karthic" failures="0" tests="1" name="genericUtilities.ExcelUtility" time="0.689" errors="0" timestamp="2024-06-06T21:42:54 IST" skipped="0">
  <testcase classname="genericUtilities.ExcelUtility" name="te" time="0.689"/>
  <system-out/>
</testsuite> <!-- genericUtilities.ExcelUtility -->
