<?xml version="1.0" encoding="UTF-8"?>
<!-- Generated by org.testng.reporters.JUnitReportReporter -->
<testsuite hostname="karthic" failures="0" tests="1" name="Flipkart.GetAllmobileDetails" time="5.019" errors="0" timestamp="2024-06-06T23:24:40 IST" skipped="0">
  <testcase classname="Flipkart.GetAllmobileDetails" name="printDesc" time="5.019"/>
  <system-out>
    <![CDATA[The testmethod has been started
The printDesc method is successfully executed]]>
  </system-out>
</testsuite> <!-- Flipkart.GetAllmobileDetails -->
