<?xml version="1.0" encoding="UTF-8"?>
<!-- Generated by org.testng.reporters.JUnitReportReporter -->
<testsuite hostname="karthic" failures="0" tests="1" name="Flipkart.GetAllmobileDetails" time="4.987" errors="0" timestamp="2024-06-06T23:31:02 IST" skipped="0">
  <testcase classname="Flipkart.GetAllmobileDetails" name="getAllMobileDetails" time="4.987"/>
  <system-out>
    <![CDATA[The testmethod has been started
The getAllMobileDetails method is successfully executed]]>
  </system-out>
</testsuite> <!-- Flipkart.GetAllmobileDetails -->
